19:24:08.567 [main] ERROR Main - first error
19:24:08.572 [main] INFO  Main - old style
19:24:08.572 [main] WARN  Main - old style
19:24:18.199 [main] INFO  Main - First log
19:24:18.203 [main] ERROR Main - first error
19:24:18.203 [main] INFO  Main - old style
19:24:18.203 [main] WARN  Main - old style
19:25:27.403 [main] INFO  Main - First log
19:25:27.406 [main] ERROR Main - first error
19:25:27.406 [main] INFO  Main - old style
19:25:27.406 [main] WARN  Main - old style
19:19:31.325 [main] ERROR epam.array.service.impl.ArraySortServiceImpl - The array is empty
19:59:54.068 [main] INFO  epam.array.service.impl.ArrayServiceImpl - The minusNum is 2
19:59:54.088 [main] INFO  epam.array.service.impl.ArrayServiceImpl - element was replaced
19:59:54.088 [main] INFO  epam.array.service.impl.ArrayServiceImpl - The max is 5
19:59:54.098 [main] INFO  epam.array.service.impl.ArrayServiceImpl - The sum is 10
19:59:54.098 [main] INFO  epam.array.service.impl.ArrayServiceImpl - The min is 2
19:59:54.098 [main] INFO  epam.array.service.impl.ArrayServiceImpl - The average is 3.3333333333333335
20:00:10.359 [main] INFO  epam.array.service.impl.ArrayServiceImpl - The average is 5.5
20:00:10.359 [main] INFO  epam.array.service.impl.ArrayServiceImpl - The max is 16
20:00:10.359 [main] INFO  epam.array.service.impl.ArrayServiceImpl - element was replaced
20:00:10.359 [main] INFO  epam.array.service.impl.ArraySortServiceImpl - The sorted array: [5, 2, 1, 16, 10, 3] (sortInsertion)
20:00:10.359 [main] INFO  epam.array.service.impl.ArraySortServiceImpl - The sorted array: [5, -2, 1, 16, 10, 3] (sortSelection)
20:00:10.359 [main] ERROR epam.array.service.impl.ArraySortServiceImpl - The array is empty
